[    0.000000] Linux version 4.15.0-167-generic (buildd@lcy02-amd64-045) (gcc version 7.5.0 (Ubuntu 7.5.0-3ubuntu1~18.04)) #175-Ubuntu SMP Wed Jan 5 01:56:07 UTC 2022 (Ubuntu 4.15.0-167.175-generic 4.15.18)
[    0.000000] Command line: BOOT_IMAGE=/boot/vmlinuz-4.15.0-167-generic root=LABEL=cloudimg-rootfs ro console=tty1 console=ttyS0
[    0.000000] KERNEL supported cpus:
[    0.000000]   Intel GenuineIntel
[    0.000000]   AMD AuthenticAMD
[    0.000000]   Centaur CentaurHauls
[    0.000000] x86/fpu: Supporting XSAVE feature 0x001: 'x87 floating point registers'
[    0.000000] x86/fpu: Supporting XSAVE feature 0x002: 'SSE registers'
[    0.000000] x86/fpu: Supporting XSAVE feature 0x004: 'AVX registers'
[    0.000000] x86/fpu: xstate_offset[2]:  576, xstate_sizes[2]:  256
[    0.000000] x86/fpu: Enabled xstate features 0x7, context size is 832 bytes, using 'standard' format.
[    0.000000] e820: BIOS-provided physical RAM map:
[    0.000000] BIOS-e820: [mem 0x0000000000000000-0x000000000009fbff] usable
[    0.000000] BIOS-e820: [mem 0x000000000009fc00-0x000000000009ffff] reserved
[    0.000000] BIOS-e820: [mem 0x00000000000f0000-0x00000000000fffff] reserved
[    0.000000] BIOS-e820: [mem 0x0000000000100000-0x000000007ffeffff] usable
[    0.000000] BIOS-e820: [mem 0x000000007fff0000-0x000000007fffffff] ACPI data
[    0.000000] BIOS-e820: [mem 0x00000000fec00000-0x00000000fec00fff] reserved
[    0.000000] BIOS-e820: [mem 0x00000000fee00000-0x00000000fee00fff] reserved
[    0.000000] BIOS-e820: [mem 0x00000000fffc0000-0x00000000ffffffff] reserved
[    0.000000] NX (Execute Disable) protection: active
[    0.000000] SMBIOS 2.5 present.
[    0.000000] DMI: innotek GmbH VirtualBox/VirtualBox, BIOS VirtualBox 12/01/2006
[    0.000000] Hypervisor detected: KVM
[    0.000000] e820: last_pfn = 0x7fff0 max_arch_pfn = 0x400000000
[    0.000000] MTRR: Disabled
[    0.000000] x86/PAT: MTRRs disabled, skipping PAT initialization too.
[    0.000000] CPU MTRRs all blank - virtualized system.
[    0.000000] x86/PAT: Configuration [0-7]: WB  WT  UC- UC  WB  WT  UC- UC  
[    0.000000] found SMP MP-table at [mem 0x0009fff0-0x0009ffff]
[    0.000000] Scanning 1 areas for low memory corruption
[    0.000000] RAMDISK: [mem 0x359c9000-0x36cdbfff]
[    0.000000] ACPI: Early table checksum verification disabled
[    0.000000] ACPI: RSDP 0x00000000000E0000 000024 (v02 VBOX  )
[    0.000000] ACPI: XSDT 0x000000007FFF0030 00003C (v01 VBOX   VBOXXSDT 00000001 ASL  00000061)
[    0.000000] ACPI: FACP 0x000000007FFF00F0 0000F4 (v04 VBOX   VBOXFACP 00000001 ASL  00000061)
[    0.000000] ACPI: DSDT 0x000000007FFF0470 0022EA (v02 VBOX   VBOXBIOS 00000002 INTL 20100528)
[    0.000000] ACPI: FACS 0x000000007FFF0200 000040
[    0.000000] ACPI: FACS 0x000000007FFF0200 000040
[    0.000000] ACPI: APIC 0x000000007FFF0240 00005C (v02 VBOX   VBOXAPIC 00000001 ASL  00000061)
[    0.000000] ACPI: SSDT 0x000000007FFF02A0 0001CC (v01 VBOX   VBOXCPUT 00000002 INTL 20100528)
[    0.000000] ACPI: Reserving FACP table memory at [mem 0x7fff00f0-0x7fff01e3]
[    0.000000] ACPI: Reserving DSDT table memory at [mem 0x7fff0470-0x7fff2759]
[    0.000000] ACPI: Reserving FACS table memory at [mem 0x7fff0200-0x7fff023f]
[    0.000000] ACPI: Reserving FACS table memory at [mem 0x7fff0200-0x7fff023f]
[    0.000000] ACPI: Reserving APIC table memory at [mem 0x7fff0240-0x7fff029b]
[    0.000000] ACPI: Reserving SSDT table memory at [mem 0x7fff02a0-0x7fff046b]
[    0.000000] No NUMA configuration found
[    0.000000] Faking a node at [mem 0x0000000000000000-0x000000007ffeffff]
[    0.000000] NODE_DATA(0) allocated [mem 0x7ffc5000-0x7ffeffff]
[    0.000000] kvm-clock: cpu 0, msr 0:7ff44001, primary cpu clock
[    0.000000] kvm-clock: Using msrs 4b564d01 and 4b564d00
[    0.000000] kvm-clock: using sched offset of 3406112835 cycles
[    0.000000] clocksource: kvm-clock: mask: 0xffffffffffffffff max_cycles: 0x1cd42e4dffb, max_idle_ns: 881590591483 ns
[    0.000000] Zone ranges:
[    0.000000]   DMA      [mem 0x0000000000001000-0x0000000000ffffff]
[    0.000000]   DMA32    [mem 0x0000000001000000-0x000000007ffeffff]
[    0.000000]   Normal   empty
[    0.000000]   Device   empty
[    0.000000] Movable zone start for each node
[    0.000000] Early memory node ranges
[    0.000000]   node   0: [mem 0x0000000000001000-0x000000000009efff]
[    0.000000]   node   0: [mem 0x0000000000100000-0x000000007ffeffff]
[    0.000000] Reserved but unavailable: 104 pages
[    0.000000] Initmem setup node 0 [mem 0x0000000000001000-0x000000007ffeffff]
[    0.000000] ACPI: PM-Timer IO Port: 0x4008
[    0.000000] IOAPIC[0]: apic_id 2, version 32, address 0xfec00000, GSI 0-23
[    0.000000] ACPI: INT_SRC_OVR (bus 0 bus_irq 0 global_irq 2 dfl dfl)
[    0.000000] ACPI: INT_SRC_OVR (bus 0 bus_irq 9 global_irq 9 low level)
[    0.000000] Using ACPI (MADT) for SMP configuration information
[    0.000000] smpboot: Allowing 2 CPUs, 0 hotplug CPUs
[    0.000000] PM: Registered nosave memory: [mem 0x00000000-0x00000fff]
[    0.000000] PM: Registered nosave memory: [mem 0x0009f000-0x0009ffff]
[    0.000000] PM: Registered nosave memory: [mem 0x000a0000-0x000effff]
[    0.000000] PM: Registered nosave memory: [mem 0x000f0000-0x000fffff]
[    0.000000] e820: [mem 0x80000000-0xfebfffff] available for PCI devices
[    0.000000] Booting paravirtualized kernel on KVM
[    0.000000] clocksource: refined-jiffies: mask: 0xffffffff max_cycles: 0xffffffff, max_idle_ns: 7645519600211568 ns
[    0.000000] random: get_random_bytes called from start_kernel+0x99/0x500 with crng_init=0
[    0.000000] setup_percpu: NR_CPUS:8192 nr_cpumask_bits:2 nr_cpu_ids:2 nr_node_ids:1
[    0.000000] percpu: Embedded 50 pages/cpu s167936 r8192 d28672 u1048576
[    0.000000] PV qspinlock hash table entries: 256 (order: 0, 4096 bytes)
[    0.000000] Built 1 zonelists, mobility grouping on.  Total pages: 515961
[    0.000000] Policy zone: DMA32
[    0.000000] Kernel command line: BOOT_IMAGE=/boot/vmlinuz-4.15.0-167-generic root=LABEL=cloudimg-rootfs ro console=tty1 console=ttyS0
[    0.000000] Memory: 2014828K/2096696K available (12300K kernel code, 2483K rwdata, 4324K rodata, 2476K init, 2724K bss, 81868K reserved, 0K cma-reserved)
[    0.000000] SLUB: HWalign=64, Order=0-3, MinObjects=0, CPUs=2, Nodes=1
[    0.000000] ftrace: allocating 39494 entries in 155 pages
[    0.004000] Hierarchical RCU implementation.
[    0.004000] 	RCU restricting CPUs from NR_CPUS=8192 to nr_cpu_ids=2.
[    0.004000] 	Tasks RCU enabled.
[    0.004000] RCU: Adjusting geometry for rcu_fanout_leaf=16, nr_cpu_ids=2
[    0.004000] NR_IRQS: 524544, nr_irqs: 440, preallocated irqs: 16
[    0.004000] Console: colour VGA+ 80x25
[    0.004000] console [tty1] enabled
[    0.004000] console [ttyS0] enabled
[    0.004000] ACPI: Core revision 20170831
[    0.004000] ACPI: 2 ACPI AML tables successfully acquired and loaded
[    0.004000] APIC: Switch to symmetric I/O mode setup
[    0.004000] x2apic enabled
[    0.004000] Switched APIC routing to physical x2apic.
[    0.004000] ..TIMER: vector=0x30 apic1=0 pin1=2 apic2=-1 pin2=-1
[    0.004000] tsc: Detected 2496.000 MHz processor
[    0.004009] Calibrating delay loop (skipped) preset value.. 4992.00 BogoMIPS (lpj=9984000)
[    0.005323] pid_max: default: 32768 minimum: 301
[    0.005958] Security Framework initialized
[    0.006497] Yama: becoming mindful.
[    0.007007] AppArmor: AppArmor initialized
[    0.008209] Dentry cache hash table entries: 262144 (order: 9, 2097152 bytes)
[    0.012041] Inode-cache hash table entries: 131072 (order: 8, 1048576 bytes)
[    0.012953] Mount-cache hash table entries: 4096 (order: 3, 32768 bytes)
[    0.013786] Mountpoint-cache hash table entries: 4096 (order: 3, 32768 bytes)
[    0.016236] Last level iTLB entries: 4KB 64, 2MB 8, 4MB 8
[    0.016891] Last level dTLB entries: 4KB 64, 2MB 0, 4MB 0, 1GB 4
[    0.017591] Spectre V1 : Mitigation: usercopy/swapgs barriers and __user pointer sanitization
[    0.018624] unchecked MSR access error: WRMSR to 0x48 (tried to write 0x0000000000000001) at rIP: 0xffffffff8206e1b8 (native_write_msr+0x8/0x30)
[    0.020002] Call Trace:
[    0.020334]  wrmsrl+0x16/0x20
[    0.020762]  check_bugs+0x263/0xa1b
[    0.021392]  ? delayacct_init+0x52/0x70
[    0.022142]  start_kernel+0x4b8/0x500
[    0.022712]  x86_64_start_reservations+0x24/0x26
[    0.024005]  x86_64_start_kernel+0x74/0x77
[    0.024518]  secondary_startup_64+0xa5/0xb0
[    0.025030] Spectre V2 : Mitigation: Enhanced IBRS
[    0.025601] Spectre V2 : Spectre v2 / SpectreRSB mitigation: Filling RSB on context switch
[    0.026580] Speculative Store Bypass: Vulnerable
[    0.027272] Freeing SMP alternatives memory: 36K
[    0.137379] smpboot: CPU0: Intel(R) Core(TM) i5-10300H CPU @ 2.50GHz (family: 0x6, model: 0xa5, stepping: 0x2)
[    0.138897] Performance Events: unsupported p6 CPU model 165 no PMU driver, software events only.
[    0.139985] Hierarchical SRCU implementation.
[    0.140145] NMI watchdog: Perf event create on CPU 0 failed with -2
[    0.140882] NMI watchdog: Perf NMI watchdog permanently disabled
[    0.141626] smp: Bringing up secondary CPUs ...
[    0.142261] x86: Booting SMP configuration:
[    0.142781] .... node  #0, CPUs:      #1
[    0.004000] kvm-clock: cpu 1, msr 0:7ff44041, secondary cpu clock
[    0.144013] smp: Brought up 1 node, 2 CPUs
[    0.144503] smpboot: Max logical packages: 1
[    0.145026] smpboot: Total of 2 processors activated (9984.00 BogoMIPS)
[    0.146041] devtmpfs: initialized
[    0.148066] x86/mm: Memory block size: 128MB
[    0.148952] evm: security.selinux
[    0.149418] evm: security.SMACK64
[    0.150014] evm: security.SMACK64EXEC
[    0.150538] evm: security.SMACK64TRANSMUTE
[    0.151050] evm: security.SMACK64MMAP
[    0.151520] evm: security.apparmor
[    0.151956] evm: security.ima
[    0.152002] evm: security.capability
[    0.152495] clocksource: jiffies: mask: 0xffffffff max_cycles: 0xffffffff, max_idle_ns: 7645041785100000 ns
[    0.153270] futex hash table entries: 512 (order: 3, 32768 bytes)
[    0.154025] pinctrl core: initialized pinctrl subsystem
[    0.154752] RTC time:  0:11:56, date: 02/15/22
[    0.156103] NET: Registered protocol family 16
[    0.156714] audit: initializing netlink subsys (disabled)
[    0.157380] audit: type=2000 audit(1644883921.726:1): state=initialized audit_enabled=0 res=1
[    0.157380] cpuidle: using governor ladder
[    0.157380] cpuidle: using governor menu
[    0.160076] ACPI: bus type PCI registered
[    0.160747] acpiphp: ACPI Hot Plug PCI Controller Driver version: 0.5
[    0.161673] PCI: Using configuration type 1 for base access
[    0.164035] HugeTLB registered 2.00 MiB page size, pre-allocated 0 pages
[    0.166186] ACPI: Added _OSI(Module Device)
[    0.166186] ACPI: Added _OSI(Processor Device)
[    0.168002] ACPI: Added _OSI(3.0 _SCP Extensions)
[    0.168583] ACPI: Added _OSI(Processor Aggregator Device)
[    0.169236] ACPI: Added _OSI(Linux-Dell-Video)
[    0.169791] ACPI: Added _OSI(Linux-Lenovo-NV-HDMI-Audio)
[    0.170431] ACPI: Added _OSI(Linux-HPI-Hybrid-Graphics)
[    0.171301] ACPI: Executed 1 blocks of module-level executable AML code
[    0.174211] ACPI: Interpreter enabled
[    0.174696] ACPI: (supports S0 S5)
[    0.175133] ACPI: Using IOAPIC for interrupt routing
[    0.175923] PCI: Using host bridge windows from ACPI; if necessary, use "pci=nocrs" and report a bug
[    0.176116] ACPI: Enabled 2 GPEs in block 00 to 07
[    0.181827] ACPI: PCI Root Bridge [PCI0] (domain 0000 [bus 00-ff])
[    0.182588] acpi PNP0A03:00: _OSC: OS supports [ASPM ClockPM Segments MSI]
[    0.183930] acpi PNP0A03:00: _OSC: not requesting OS control; OS requires [ExtendedConfig ASPM ClockPM MSI]
[    0.184014] acpi PNP0A03:00: fail to add MMCONFIG information, can't access extended PCI configuration space under this bridge.
[    0.188141] PCI host bridge to bus 0000:00
[    0.188649] pci_bus 0000:00: root bus resource [io  0x0000-0x0cf7 window]
[    0.189455] pci_bus 0000:00: root bus resource [io  0x0d00-0xffff window]
[    0.190280] pci_bus 0000:00: root bus resource [mem 0x000a0000-0x000bffff window]
[    0.191246] pci_bus 0000:00: root bus resource [mem 0x80000000-0xfdffffff window]
[    0.192017] pci_bus 0000:00: root bus resource [bus 00-ff]
[    0.194214] pci 0000:00:01.1: legacy IDE quirk: reg 0x10: [io  0x01f0-0x01f7]
[    0.195058] pci 0000:00:01.1: legacy IDE quirk: reg 0x14: [io  0x03f6]
[    0.195826] pci 0000:00:01.1: legacy IDE quirk: reg 0x18: [io  0x0170-0x0177]
[    0.196003] pci 0000:00:01.1: legacy IDE quirk: reg 0x1c: [io  0x0376]
[    0.218951] pci 0000:00:07.0: quirk: [io  0x4000-0x403f] claimed by PIIX4 ACPI
[    0.220026] pci 0000:00:07.0: quirk: [io  0x4100-0x410f] claimed by PIIX4 SMB
[    0.235249] ACPI: PCI Interrupt Link [LNKA] (IRQs 5 9 10 *11)
[    0.236000] ACPI: PCI Interrupt Link [LNKB] (IRQs 5 9 *10 11)
[    0.236082] ACPI: PCI Interrupt Link [LNKC] (IRQs 5 *9 10 11)
[    0.236843] ACPI: PCI Interrupt Link [LNKD] (IRQs 5 9 10 *11)
[    0.237969] SCSI subsystem initialized
[    0.238723] pci 0000:00:02.0: vgaarb: setting as boot VGA device
[    0.238723] pci 0000:00:02.0: vgaarb: VGA device added: decodes=io+mem,owns=io+mem,locks=none
[    0.240031] pci 0000:00:02.0: vgaarb: bridge control possible
[    0.240707] vgaarb: loaded
[    0.241086] ACPI: bus type USB registered
[    0.241580] usbcore: registered new interface driver usbfs
[    0.242267] usbcore: registered new interface driver hub
[    0.244014] usbcore: registered new device driver usb
[    0.244850] EDAC MC: Ver: 3.0.0
[    0.244850] PCI: Using ACPI for IRQ routing
[    0.244853] NetLabel: Initializing
[    0.245286] NetLabel:  domain hash size = 128
[    0.248007] NetLabel:  protocols = UNLABELED CIPSOv4 CALIPSO
[    0.248766] NetLabel:  unlabeled traffic allowed by default
[    0.249556] clocksource: Switched to clocksource kvm-clock
[    0.262815] VFS: Disk quotas dquot_6.6.0
[    0.263393] VFS: Dquot-cache hash table entries: 512 (order 0, 4096 bytes)
[    0.264316] AppArmor: AppArmor Filesystem Enabled
[    0.264903] pnp: PnP ACPI init
[    0.266020] pnp: PnP ACPI: found 3 devices
[    0.274233] clocksource: acpi_pm: mask: 0xffffff max_cycles: 0xffffff, max_idle_ns: 2085701024 ns
[    0.275369] NET: Registered protocol family 2
[    0.276014] IP idents hash table entries: 32768 (order: 6, 262144 bytes)
[    0.277064] TCP established hash table entries: 16384 (order: 5, 131072 bytes)
[    0.278005] TCP bind hash table entries: 16384 (order: 6, 262144 bytes)
[    0.280832] TCP: Hash tables configured (established 16384 bind 16384)
[    0.281969] UDP hash table entries: 1024 (order: 3, 32768 bytes)
[    0.282692] UDP-Lite hash table entries: 1024 (order: 3, 32768 bytes)
[    0.283477] NET: Registered protocol family 1
[    0.284028] pci 0000:00:00.0: Limiting direct PCI/PCI transfers
[    0.284791] pci 0000:00:01.0: Activating ISA DMA hang workarounds
[    0.285546] pci 0000:00:02.0: Video device with shadowed ROM at [mem 0x000c0000-0x000dffff]
[    0.286633] Unpacking initramfs...
[    0.553112] Freeing initrd memory: 19532K
[    0.553738] clocksource: tsc: mask: 0xffffffffffffffff max_cycles: 0x23fa772cf26, max_idle_ns: 440795269835 ns
[    0.554976] platform rtc_cmos: registered platform RTC device (no PNP device found)
[    0.555951] Scanning for low memory corruption every 60 seconds
[    0.557494] Initialise system trusted keyrings
[    0.558141] Key type blacklist registered
[    0.558835] workingset: timestamp_bits=36 max_order=19 bucket_order=0
[    0.562103] zbud: loaded
[    0.562848] squashfs: version 4.0 (2009/01/31) Phillip Lougher
[    0.563885] fuse init (API version 7.26)
[    0.568406] Key type asymmetric registered
[    0.568926] Asymmetric key parser 'x509' registered
[    0.569654] Block layer SCSI generic (bsg) driver version 0.4 loaded (major 246)
[    0.570666] io scheduler noop registered
[    0.571156] io scheduler deadline registered
[    0.571742] io scheduler cfq registered (default)
[    0.572589] ACPI: AC Adapter [AC] (on-line)
[    0.573157] input: Power Button as /devices/LNXSYSTM:00/LNXPWRBN:00/input/input0
[    0.574156] ACPI: Power Button [PWRF]
[    0.574699] input: Sleep Button as /devices/LNXSYSTM:00/LNXSLPBN:00/input/input1
[    0.575688] ACPI: Sleep Button [SLPF]
[    0.577174] ACPI: Battery Slot [BAT0] (battery present)
[    0.577984] Serial: 8250/16550 driver, 32 ports, IRQ sharing enabled
[    0.599318] 00:02: ttyS0 at I/O 0x3f8 (irq = 4, base_baud = 115200) is a 16550A
[    0.603193] Linux agpgart interface v0.103
[    0.605246] loop: module loaded
[    0.606772] scsi host0: ata_piix
[    0.607375] scsi host1: ata_piix
[    0.607880] ata1: PATA max UDMA/33 cmd 0x1f0 ctl 0x3f6 bmdma 0xd000 irq 14
[    0.608771] ata2: PATA max UDMA/33 cmd 0x170 ctl 0x376 bmdma 0xd008 irq 15
[    0.609712] libphy: Fixed MDIO Bus: probed
[    0.610239] tun: Universal TUN/TAP device driver, 1.6
[    0.610973] PPP generic driver version 2.4.2
[    0.611624] ehci_hcd: USB 2.0 'Enhanced' Host Controller (EHCI) Driver
[    0.612628] ehci-pci: EHCI PCI platform driver
[    0.613369] ehci-platform: EHCI generic platform driver
[    0.614113] ohci_hcd: USB 1.1 'Open' Host Controller (OHCI) Driver
[    0.614895] ohci-pci: OHCI PCI platform driver
[    0.615455] ohci-platform: OHCI generic platform driver
[    0.616104] uhci_hcd: USB Universal Host Controller Interface driver
[    0.616978] i8042: PNP: PS/2 Controller [PNP0303:PS2K,PNP0f03:PS2M] at 0x60,0x64 irq 1,12
[    0.618497] serio: i8042 KBD port at 0x60,0x64 irq 1
[    0.619237] serio: i8042 AUX port at 0x60,0x64 irq 12
[    0.620193] mousedev: PS/2 mouse device common for all mice
[    0.621337] input: AT Translated Set 2 keyboard as /devices/platform/i8042/serio0/input/input2
[    0.622593] rtc_cmos rtc_cmos: rtc core: registered rtc_cmos as rtc0
[    0.623403] rtc_cmos rtc_cmos: alarms up to one day, 114 bytes nvram
[    0.624304] i2c /dev entries driver
[    0.624924] device-mapper: uevent: version 1.0.3
[    0.625764] device-mapper: ioctl: 4.37.0-ioctl (2017-09-20) initialised: dm-devel@redhat.com
[    0.626831] ledtrig-cpu: registered to indicate activity on CPUs
[    0.627881] NET: Registered protocol family 10
[    0.630844] Segment Routing with IPv6
[    0.631359] NET: Registered protocol family 17
[    0.631978] Key type dns_resolver registered
[    0.632689] mce: Using 0 MCE banks
[    0.633133] RAS: Correctable Errors collector initialized.
[    0.633800] sched_clock: Marking stable (632669738, 0)->(777666219, -144996481)
[    0.634997] registered taskstats version 1
[    0.635517] Loading compiled-in X.509 certificates
[    0.637687] Loaded X.509 cert 'Build time autogenerated kernel key: 51c91b167e8daada285dd448a981da05683ebd03'
[    0.639263] Loaded X.509 cert 'Canonical Ltd. Live Patch Signing: 14df34d1a87cf37625abec039ef2bf521249b969'
[    0.640840] Loaded X.509 cert 'Canonical Ltd. Kernel Module Signing: 88f752e560a1e0737e31163a466ad7b70a850c19'
[    0.642057] blacklist: Loading compiled-in revocation X.509 certificates
[    0.642848] Loaded X.509 cert 'Canonical Ltd. Secure Boot Signing: 61482aa2830d0ab2ad5af10b7250da9033ddcef0'
[    0.644012] zswap: loaded using pool lzo/zbud
[    0.648022] Key type big_key registered
[    0.648576] Key type trusted registered
[    0.650078] Key type encrypted registered
[    0.650583] AppArmor: AppArmor sha1 policy hashing enabled
[    0.651256] ima: No TPM chip found, activating TPM-bypass! (rc=-19)
[    0.651997] ima: Allocated hash algorithm: sha1
[    0.652606] evm: HMAC attrs: 0x1
[    0.653229]   Magic number: 10:713:152
[    0.653835] rtc_cmos rtc_cmos: setting system clock to 2022-02-15 00:11:57 UTC (1644883917)
[    0.655107] BIOS EDD facility v0.16 2004-Jun-25, 0 devices found
[    0.655837] EDD information not available.
[    0.770033] Freeing unused kernel image memory: 2476K
[    0.797320] Write protecting the kernel read-only data: 20480k
[    0.798477] Freeing unused kernel image memory: 2008K
[    0.799342] Freeing unused kernel image memory: 1820K
[    0.806148] x86/mm: Checked W+X mappings: passed, no W+X pages found.
Loading, please wait...
starting version 237
[    0.851222] e1000: Intel(R) PRO/1000 Network Driver - version 7.3.21-k8-NAPI
[    0.852170] e1000: Copyright (c) 1999-2006 Intel Corporation.
[    0.855552] Fusion MPT base driver 3.04.20
[    0.856144] Copyright (c) 1999-2008 LSI Corporation
[    0.870516] AVX2 version of gcm_enc/dec engaged.
[    0.871136] AES CTR mode by8 optimization enabled
[    0.871812] Fusion MPT SPI Host driver 3.04.20
[    1.081862] input: ImExPS/2 Generic Explorer Mouse as /devices/platform/i8042/serio1/input/input4
[    1.249112] e1000 0000:00:03.0 eth0: (PCI:33MHz:32-bit) 02:3b:ab:4a:a3:42
[    1.250071] e1000 0000:00:03.0 eth0: Intel(R) PRO/1000 Network Connection
[    1.251619] mptbase: ioc0: Initiating bringup
[    1.538606] ioc0: LSI53C1030 A0: Capabilities={Initiator}
[    1.978468] scsi host2: ioc0: LSI53C1030 A0, FwRev=00000000h, Ports=1, MaxQ=256, IRQ=20
[    2.483169] scsi 2:0:0:0: Direct-Access     VBOX     HARDDISK         1.0  PQ: 0 ANSI: 5
[    2.524059] scsi target2:0:0: Beginning Domain Validation
[    2.526200] scsi target2:0:0: Domain Validation skipping write tests
[    2.527012] scsi target2:0:0: Ending Domain Validation
[    2.527713] scsi target2:0:0: asynchronous
[    2.528667] scsi 2:0:1:0: Direct-Access     VBOX     HARDDISK         1.0  PQ: 0 ANSI: 5
[    2.812594] scsi target2:0:1: Beginning Domain Validation
[    2.814977] random: fast init done
[    2.815566] scsi target2:0:1: Domain Validation skipping write tests
[    2.816362] scsi target2:0:1: Ending Domain Validation
[    2.817035] scsi target2:0:1: asynchronous
[    2.820110] random: systemd-udevd: uninitialized urandom read (16 bytes read)
[    2.820989] random: systemd-udevd: uninitialized urandom read (16 bytes read)
[    2.821831] random: systemd-udevd: uninitialized urandom read (16 bytes read)
[    2.822865] sd 2:0:0:0: Attached scsi generic sg0 type 0
[    2.822875] sd 2:0:0:0: [sda] 83886080 512-byte logical blocks: (42.9 GB/40.0 GiB)
[    2.823760] sd 2:0:1:0: Attached scsi generic sg1 type 0
[    2.824602] sd 2:0:0:0: [sda] Write Protect is off
[    2.825878] sd 2:0:0:0: [sda] Incomplete mode parameter data
[    2.825885] sd 2:0:1:0: [sdb] 20480 512-byte logical blocks: (10.5 MB/10.0 MiB)
[    2.826552] sd 2:0:0:0: [sda] Assuming drive cache: write through
[    2.828240] sd 2:0:1:0: [sdb] Write Protect is off
[    2.828923] sd 2:0:1:0: [sdb] Incomplete mode parameter data
[    2.829636] sd 2:0:1:0: [sdb] Assuming drive cache: write through
[    2.835024] sd 2:0:1:0: [sdb] Attached SCSI disk
[    2.838224]  sda: sda1
[    2.838936] sd 2:0:0:0: [sda] Attached SCSI disk
[    2.841983] e1000 0000:00:08.0 eth1: (PCI:33MHz:32-bit) 08:00:27:86:82:e8
[    2.842807] e1000 0000:00:08.0 eth1: Intel(R) PRO/1000 Network Connection
[    2.844908] e1000 0000:00:08.0 enp0s8: renamed from eth1
[    2.860776] e1000 0000:00:03.0 enp0s3: renamed from eth0
Begin: Loading essential drivers ... [    4.212213] raid6: sse2x1   gen() 12281 MB/s
[    4.260059] raid6: sse2x1   xor()  8205 MB/s
[    4.308859] raid6: sse2x2   gen() 17575 MB/s
[    4.356690] raid6: sse2x2   xor() 10954 MB/s
[    4.404537] raid6: sse2x4   gen() 18688 MB/s
[    4.452309] raid6: sse2x4   xor() 11364 MB/s
[    4.500135] raid6: avx2x1   gen() 28845 MB/s
[    4.548015] raid6: avx2x1   xor() 16770 MB/s
[    4.596795] raid6: avx2x2   gen() 33583 MB/s
[    4.644635] raid6: avx2x2   xor() 21681 MB/s
[    4.692411] raid6: avx2x4   gen() 35736 MB/s
[    4.740260] raid6: avx2x4   xor() 21841 MB/s
[    4.740948] raid6: using algorithm avx2x4 gen() 35736 MB/s
[    4.741836] raid6: .... xor() 21841 MB/s, rmw enabled
[    4.742524] raid6: using avx2x2 recovery algorithm
[    4.743918] xor: automatically using best checksumming function   avx       
[    4.745457] async_tx: api initialized (async)
done.
Begin: Running /scripts/init-premount ... done.
Begin: Mounting root file system ... Begin: Running /scripts/local-top ... done.
Begin: Running /scripts/local-premount ... [    4.776551] Btrfs loaded, crc32c=crc32c-intel
Scanning for Btrfs filesystems
done.
Warning: fsck not present, so skipping root file system
[    4.798822] EXT4-fs (sda1): mounted filesystem with ordered data mode. Opts: (null)
done.
Begin: Running /scripts/local-bottom ... done.
Begin: Running /scripts/init-bottom ... done.
[    4.921613] ip_tables: (C) 2000-2006 Netfilter Core Team
[    4.928223] systemd[1]: systemd 237 running in system mode. (+PAM +AUDIT +SELINUX +IMA +APPARMOR +SMACK +SYSVINIT +UTMP +LIBCRYPTSETUP +GCRYPT +GNUTLS +ACL +XZ +LZ4 +SECCOMP +BLKID +ELFUTILS +KMOD -IDN2 +IDN -PCRE2 default-hierarchy=hybrid)
[    4.930716] systemd[1]: Detected virtualization oracle.
[    4.931354] systemd[1]: Detected architecture x86-64.

Welcome to [1mUbuntu 18.04.6 LTS[0m!

[    4.935206] systemd[1]: Set hostname to <ubuntu-bionic>.
[    5.160511] systemd[1]: Reached target User and Group Name Lookups.
[[0;32m  OK  [0m] Reached target User and Group Name Lookups.
[    5.161956] systemd[1]: Started Forward Password Requests to Wall Directory Watch.
[[0;32m  OK  [0m] Started Forward Password Requests to Wall Directory Watch.
[    5.164616] systemd[1]: Created slice User and Session Slice.
[[0;32m  OK  [0m] Created slice User and Session Slice.
[    5.165878] systemd[1]: Reached target System Time Synchronized.
[[0;32m  OK  [0m] Reached target System Time Synchronized.
[    5.167251] systemd[1]: Reached target Swap.
[[0;32m  OK  [0m] Reached target Swap.
[    5.168404] systemd[1]: Set up automount Arbitrary Executable File Formats File System Automount Point.
[[0;32m  OK  [0m] Set up automount Arbitrary Executab…rmats File System Automount Point.
[[0;32m  OK  [0m] Created slice System Slice.
[[0;32m  OK  [0m] Listening on LVM2 metadata daemon socket.
[[0;32m  OK  [0m] Listening on Journal Socket.
         Mounting Huge Pages File System...
[[0;32m  OK  [0m] Listening on /dev/initctl Compatibility Named Pipe.
[[0;32m  OK  [0m] Listening on Syslog Socket.
[[0;32m  OK  [0m] Listening on Device-mapper event daemon FIFOs.
         Starting Monitoring of LVM2 mirrors…ng dmeventd or progress polling...
         Starting Set the console keyboard layout...
[[0;32m  OK  [0m] Listening on fsck to fsckd communication Socket.
[[0;32m  OK  [0m] Listening on udev Kernel Socket.
         Mounting POSIX Message Queue File System...
         Starting Uncomplicated firewall...
[[0;32m  OK  [0m] Listening on Network Service Netlink Socket.
         Starting Load Kernel Modules...
         Starting File System Check on Root Device...
[[0;32m  OK  [0m] Listening on Journal Socket (/dev/log).
[[0;32m  OK  [0m] Listening on LVM2 poll daemon socket.
[[0;32m  OK  [0m] Listening on udev Control Socket.
         Starting udev Coldplug all Devices...
[[0;32m  OK  [0m] Created slice system-serial\x2dgetty.slice.
[[0;32m  OK  [0m] Reached target Slices.
         Mounting Kernel Debug File System...
[[0;32m  OK  [0m] Listening on Journal Audit Socket.
         Starting Create list of required st…ce nodes for the current kernel...
         Starting Journal Service...
[[0;32m  OK  [0m] Mounted Huge Pages File System.
[[0;32m  OK  [0m] Mounted POSIX Message Queue File System.
[[0;32m  OK  [0m] Started Uncomplicated firewall.
[[0;32m  OK  [0m] Mounted Kernel D[    5.245190] Loading iSCSI transport class v2.0-870.
ebug File System.
[[0;32m  OK  [0m] Started LVM2 metadata daemon.
[    5.249753] iscsi: registered transport (tcp)
[    5.260527] iscsi: registered transport (iser)
[[0;32m  OK  [0m] Started Load Kernel Modules.
[[0;32m  OK  [0m] Started udev Coldplug all Devices.
         Starting Apply Kernel Variables...
         Mounting FUSE Control File System...
         Mounting Kernel Configuration File System...
[[0;32m  OK  [0m] Started File System Check Daemon to report status.
[[0;32m  OK  [0m] Mounted Kernel Configuration File System.
[[0;32m  OK  [0m] Mounted FUSE Control File System.
[[0;32m  OK  [0m] Started Create list of required sta…vice nodes for the current kernel.
         Starting Create Static Device Nodes in /dev...
[[0;32m  OK  [0m] Started Journal Service.
[[0;32m  OK  [0m] Started Create Static Device Nodes in /dev.
[[0;32m  OK  [0m] Started Monitoring of LVM2 mirrors,…sing dmeventd or progress polling.
[[0;32m  OK  [0m] Started Apply Kernel Variables.
[[0;32m  OK  [0m] Started File System Check on Root Device.
         Starting Remount Root and Kernel File Systems...
[[0;32m  OK  [0m] Started Remount Root and Kernel File Systems.
         Starting Flush Journal to Persistent Storage...
         Starting Load/Save Random Seed...
         Starting udev Kernel Device Manager...
[[0;32m  OK  [0m] Started Load/Save Random Seed.
[[0;32m  OK  [0m] Started udev Kernel Device Manager.
[[0;32m  OK  [0m] Started Set the console keyboard layout.
[[0;32m  OK  [0m] Started Dispatch Password Requests to Console Directory Watch.
[[0;32m  OK  [0m] Reached target Local Encrypted Volumes.
[[0;32m  OK  [0m] Reached target Local File Systems (Pre).
[[0;32m  OK  [0m] Reached target Local File Systems.
         Starting ebtables ruleset management...
         Starting Set console font and keymap...
         Starting Tell Plymouth To Write Out Runtime Data...
         Starting AppArmor initialization...
[[0;32m  OK  [0m] Started Set console font and keymap.
[[0;32m  OK  [0m] Started Tell Plymouth To Write Out Runtime Data.
[[0;32m  OK  [0m] Started Flush Journal to Persistent Storage.
         Starting Create Volatile Files and Directories...
[[0;32m  OK  [0m] Found device /dev/ttyS0.
[[0;32m  OK  [0m] Started Create Volatile Files and Directories.
         Starting Update UTMP about System Boot/Shutdown...
[[0;32m  OK  [0m] Started ebtables ruleset management.
[[0;32m  OK  [0m] Started Update UTMP about System Boot/Shutdown.
[[0;32m  OK  [0m] Listening on Load/Save RF Kill Switch Status /dev/rfkill Watch.
[[0;32m  OK  [0m] Started AppArmor initialization.
         Starting Initial cloud-init job (pre-networking)...
         Starting Load AppArmor profiles managed internally by snapd...
[[0;32m  OK  [0m] Started Load AppArmor profiles managed internally by snapd.
[    6.443374] cloud-init[559]: Cloud-init v. 21.4-0ubuntu1~18.04.1 running 'init-local' at Tue, 15 Feb 2022 00:12:03 +0000. Up 6.31 seconds.
[[0;32m  OK  [0m] Started Initial cloud-init job (pre-networking).
[[0;32m  OK  [0m] Reached target Network (Pre).
         Starting Network Service...
[[0;32m  OK  [0m] Started Network Service.
         Starting Network Name Resolution...
         Starting Wait for Network to be Configured...
[[0;32m  OK  [0m] Started Network Name Resolution.
[[0;32m  OK  [0m] Reached target Network.
[[0;32m  OK  [0m] Reached target Host and Network Name Lookups.
[[0;32m  OK  [0m] Started Wait for Network to be Configured.
         Starting Initial cloud-init job (metadata service crawler)...
[    8.643086] cloud-init[677]: Cloud-init v. 21.4-0ubuntu1~18.04.1 running 'init' at Tue, 15 Feb 2022 00:12:05 +0000. Up 8.55 seconds.
[    8.644911] cloud-init[677]: ci-info: ++++++++++++++++++++++++++++++++++++++Net device info+++++++++++++++++++++++++++++++++++++++
[    8.646615] cloud-init[677]: ci-info: +--------+------+-----------------------------+---------------+--------+-------------------+
[    8.647718] cloud-init[677]: ci-info: | Device |  Up  |           Address           |      Mask     | Scope  |     Hw-Address    |
[    8.648836] cloud-init[677]: ci-info: +--------+------+-----------------------------+---------------+--------+-------------------+
[    8.649916] cloud-init[677]: ci-info: | enp0s3 | True |          10.0.2.15          | 255.255.255.0 | global | 02:3b:ab:4a:a3:42 |
[    8.651038] cloud-init[677]: ci-info: | enp0s3 | True |  fe80::3b:abff:fe4a:a342/64 |       .       |  link  | 02:3b:ab:4a:a3:42 |
[    8.652128] cloud-init[677]: ci-info: | enp0s8 | True |        192.168.33.10        | 255.255.255.0 | global | 08:00:27:86:82:e8 |
[    8.653197] cloud-init[677]: ci-info: | enp0s8 | True | fe80::a00:27ff:fe86:82e8/64 |       .       |  link  | 08:00:27:86:82:e8 |
[    8.654239] cloud-init[677]: ci-info: |   lo   | True |          127.0.0.1          |   255.0.0.0   |  host  |         .         |
[    8.655336] cloud-init[677]: ci-info: |   lo   | True |           ::1/128           |       .       |  host  |         .         |
[    8.656560] cloud-init[677]: ci-info: +--------+------+-----------------------------+---------------+--------+-------------------+
[    8.657821] cloud-init[677]: ci-info: +++++++++++++++++++++++++++++Route IPv4 info+++++++++++++++++++++++++++++
[    8.658883] cloud-init[677]: ci-info: +-------+--------------+----------+-----------------+-----------+-------+
[    8.660229] cloud-init[677]: ci-info: | Route | Destination  | Gateway  |     Genmask     | Interface | Flags |
[    8.661470] cloud-init[677]: ci-info: +-------+--------------+----------+-----------------+-----------+-------+
[    8.662833] cloud-init[677]: ci-info: |   0   |   0.0.0.0    | 10.0.2.2 |     0.0.0.0     |   enp0s3  |   UG  |
[    8.665338] cloud-init[677]: ci-info: |   1   |   10.0.2.0   | 0.0.0.0  |  255.255.255.0  |   enp0s3  |   U   |
[    8.666545] cloud-init[677]: ci-info: |   2   |   10.0.2.2   | 0.0.0.0  | 255.255.255.255 |   enp0s3  |   UH  |
[    8.667689] cloud-init[677]: ci-info: |   3   | 192.168.33.0 | 0.0.0.0  |  255.255.255.0  |   enp0s8  |   U   |
[    8.668841] cloud-init[677]: ci-info: +-------+--------------+----------+-----------------+-----------+-------+
[    8.669968] cloud-init[677]: ci-info: +++++++++++++++++++Route IPv6 info+++++++++++++++++++
[    8.670783] cloud-init[677]: ci-info: +-------+-------------+---------+-----------+-------+
[    8.671546] cloud-init[677]: ci-info: | Route | Destination | Gateway | Interface | Flags |
[    8.672395] cloud-init[677]: ci-info: +-------+-------------+---------+-----------+-------+
[    8.673125] cloud-init[677]: ci-info: |   1   |  fe80::/64  |    ::   |   enp0s8  |   U   |
[    8.673863] cloud-init[677]: ci-info: |   2   |  fe80::/64  |    ::   |   enp0s3  |   U   |
[    8.674573] cloud-init[677]: ci-info: |   4   |    local    |    ::   |   enp0s3  |   U   |
[    8.675265] cloud-init[677]: ci-info: |   5   |    local    |    ::   |   enp0s8  |   U   |
[    8.675976] cloud-init[677]: ci-info: |   6   |   ff00::/8  |    ::   |   enp0s8  |   U   |
[    8.676751] cloud-init[677]: ci-info: |   7   |   ff00::/8  |    ::   |   enp0s3  |   U   |
[    8.677459] cloud-init[677]: ci-info: +-------+-------------+---------+-----------+-------+
[[0;32m  OK  [0m] Started Initial cloud-init job (metadata service crawler).
[[0;32m  OK  [0m] Reached target Network is Online.
[[0;32m  OK  [0m] Reached target Remote File Systems (Pre).
[[0;32m  OK  [0m] Reached target Remote File Systems.
         Starting Availability of block devices...
[[0;32m  OK  [0m] Reached target System Initialization.
[[0;32m  OK  [0m] Started ACPI Events Check.
[[0;32m  OK  [0m] Listening on cloud-init hotplug hook socket.
[[0;32m  OK  [0m] Started Ubuntu Advantage Timer for running repeated jobs.
[[0;32m  OK  [0m] Started Trigger to poll for Ubuntu …(Only enabled on GCP LTS non-pro).
[[0;32m  OK  [0m] Listening on Open-iSCSI iscsid Socket.
[[0;32m  OK  [0m] Started Discard unused blocks once a week.
[[0;32m  OK  [0m] Reached target Paths.
[[0;32m  OK  [0m] Started Daily Cleanup of Temporary Directories.
[[0;32m  OK  [0m] Started Message of the Day.
[[0;32m  OK  [0m] Started Daily apt download activities.
[[0;32m  OK  [0m] Started Daily apt upgrade and clean activities.
[[0;32m  OK  [0m] Reached target Timers.
         Starting Socket activation for snappy daemon.
[[0;32m  OK  [0m] Listening on ACPID Listen Socket.
[[0;32m  OK  [0m] Listening on D-Bus System Message Bus Socket.
[[0;32m  OK  [0m] Listening on UUID daemon activation socket.
         Starting Docker Socket for the API.
         Starting LXD - unix socket.
[[0;32m  OK  [0m] Reached target Cloud-config availability.
[[0;32m  OK  [0m] Started Availability of block devices.
[[0;32m  OK  [0m] Listening on Socket activation for snappy daemon.
[[0;32m  OK  [0m] Listening on Docker Socket for the API.
[[0;32m  OK  [0m] Listening on LXD - unix socket.
[[0;32m  OK  [0m] Reached target Sockets.
[[0;32m  OK  [0m] Reached target Basic System.
[[0;32m  OK  [0m] Started FUSE filesystem for LXC.
[[0;32m  OK  [0m] Started D-Bus System Message Bus.
         Starting Permit User Sessions...
[[0;32m  OK  [0m] Started Regular background program processing daemon.
         Starting Accounts Service...
[[0;32m  OK  [0m] Started Deferred execution scheduler.
         Starting MySQL Community Server...
         Starting OpenBSD Secure Shell server...
         Starting LSB: Record successful boot for GRUB...
         Starting Virtualbox guest utils...
         Starting LSB: Start Jenkins at boot time...
[[0;32m  OK  [0m] Started irqbalance daemon.
         Starting LSB: automatic crash report generation...
         Starting containerd container runtime...
         Starting Snap Daemon...
         Starting Login Service...
         Starting LSB: Linux init script for swapspace...
         Starting System Logging Service...
         Starting Dispatcher daemon for systemd-networkd...
         Starting LXD - container startup/shutdown...
[[0;32m  OK  [0m] Started Permit User Sessions.
         Starting Terminate Plymouth Boot Screen...
         Starting Hold until boot process finishes up...
[[0;32m  OK  [0m] Started Hold until boot process finishes up.
[[0;32m  OK  [0m] Started Serial Getty on ttyS0.
         Starting Set console scheme...
[[0;32m  OK  [0m] Started Terminate Plymouth Boot Screen.
[[0;32m  OK  [0m] Started OpenBSD Secure Shell server.
[[0;32m  OK  [0m] Started System Logging Service.
[[0;32m  OK  [0m] Started Login Service.
[[0;32m  OK  [0m] Started Unattended Upgrades Shutdown.
[[0;32m  OK  [0m] Started Set console scheme.
[[0;32m  OK  [0m] Created slice system-getty.slice.
[[0;32m  OK  [0m] Started Getty on tty1.
[[0;32m  OK  [0m] Reached target Login Prompts.
[[0;32m  OK  [0m] Started LSB: Linux init script for swapspace.
         Starting Authorization Manager...
[[0;32m  OK  [0m] Started LSB: automatic crash report generation.
[[0;32m  OK  [0m] Started Authorization Manager.
[[0;32m  OK  [0m] Started Accounts Service.
[[0;32m  OK  [0m] Started Virtualbox guest utils.
[[0;32m  OK  [0m] Started LSB: Record successful boot for GRUB.
[[0;32m  OK  [0m] Started LXD - container startup/shutdown.
[[0;32m  OK  [0m] Started Dispatcher daemon for systemd-networkd.
[[0;32m  OK  [0m] Started containerd container runtime.
         Starting Docker Application Container Engine...
[[0;32m  OK  [0m] Created slice User Slice of jenkins.
         Starting User Manager for UID 112...
[[0;32m  OK  [0m] Started Session c1 of user jenkins.
[[0;32m  OK  [0m] Started Snap Daemon.
         Starting Wait until snapd is fully seeded...
         Starting Time & Date Service...
[[0;32m  OK  [0m] Started User Manager for UID 112.
[[0;32m  OK  [0m] Started MySQL Community Server.
[[0;32m  OK  [0m] Started Time & Date Service.
[[0;32m  OK  [0m] Started Wait until snapd is fully seeded.
         Starting Apply the settings specified in cloud-config...
[   11.786502] cloud-init[1357]: Cloud-init v. 21.4-0ubuntu1~18.04.1 running 'modules:config' at Tue, 15 Feb 2022 00:12:08 +0000. Up 11.66 seconds.
[[0;32m  OK  [0m] Started Apply the settings specified in cloud-config.
[[0;32m  OK  [0m] Created slice User Slice of vagrant.
         Starting User Manager for UID 1000...
[[0;32m  OK  [0m] Started Session 2 of user vagrant.
[[0;32m  OK  [0m] Started LSB: Start Jenkins at boot time.
[[0;32m  OK  [0m] Started User Manager for UID 1000.
[[0;32m  OK  [0m] Started Docker Application Container Engine.
[[0;32m  OK  [0m] Reached target Multi-User System.
         Starting Execute cloud user/final scripts...
[[0;32m  OK  [0m] Reached target Graphical Interface.
         Starting Update UTMP about System Runlevel Changes...
[[0;32m  OK  [0m] Started Update UTMP about System Runlevel Changes.
[   13.173053] cloud-init[1609]: Cloud-init v. 21.4-0ubuntu1~18.04.1 running 'modules:final' at Tue, 15 Feb 2022 00:12:09 +0000. Up 13.04 seconds.
[   13.174098] cloud-init[1609]: Cloud-init v. 21.4-0ubuntu1~18.04.1 finished at Tue, 15 Feb 2022 00:12:10 +0000. Datasource DataSourceNoCloud [seed=/dev/sdb][dsmode=net].  Up 13.16 seconds
[[0;32m  OK  [0m] Started Execute cloud user/final scripts.
[[0;32m  OK  [0m] Reached target Cloud-init target.

Ubuntu 18.04.6 LTS ubuntu-bionic ttyS0

ubuntu-bionic login: [27392.872369] INFO: rcu_sched self-detected stall on CPU
[27392.872657] INFO: rcu_sched detected stalls on CPUs/tasks:
[27392.873239] 	1-...!: (1 ticks this GP) idle=dae/1/0 softirq=61170/61170 fqs=0 
[27392.876734] 	 (t=529444 jiffies g=23791 c=23790 q=70)
[27392.876748] 	1-...!: (1 ticks this GP) idle=dae/1/0 softirq=61170/61170 fqs=0 
[27392.878422] rcu_sched kthread starved for 529444 jiffies! g23791 c23790 f0x0 RCU_GP_WAIT_FQS(3) ->state=0x402 ->cpu=0
[27392.881522] 	(detected by 0, t=529444 jiffies, g=23791, c=23790, q=70)
[27392.886560] rcu_sched kthread starved for 529444 jiffies! g23791 c23790 f0x0 RCU_GP_WAIT_FQS(3) ->state=0x200 ->cpu=0
[27392.888751] INFO: rcu_sched self-detected stall on CPU
[27392.889585] 	1-...!: (2 ticks this GP) idle=dae/1/0 softirq=61170/61170 fqs=1 
[27392.892372] 	 (t=3278227 jiffies g=23791 c=23790 q=90)
[27392.892477] INFO: rcu_sched detected stalls on CPUs/tasks:
[27392.895339] 	1-...!: (2 ticks this GP) idle=dae/1/0 softirq=61170/61170 fqs=1 
[27392.896740] 	(detected by 0, t=3278227 jiffies, g=23791, c=23790, q=90)
[38286.879586] INFO: rcu_sched self-detected stall on CPU
[38286.880731] 	1-...!: (1 ticks this GP) idle=dba/140000000000001/0 softirq=61514/61514 fqs=0 
[38286.883042] 	 (t=524345 jiffies g=23848 c=23847 q=768)
[38286.883052] INFO: rcu_sched detected stalls on CPUs/tasks:
[38286.886686] rcu_sched kthread starved for 524345 jiffies! g23848 c23847 f0x0 RCU_GP_WAIT_FQS(3) ->state=0x402 ->cpu=0
[38286.886860] INFO: rcu_sched self-detected stall on CPU
[38286.889639] 	1-...!: (2 ticks this GP) idle=dba/140000000000001/0 softirq=61514/61514 fqs=0 
[38286.902401] 	(detected by 0, t=2723370 jiffies, g=23848, c=23847, q=768)
[38286.902443] 	1-...!: (2 ticks this GP) idle=dba/140000000000001/0 softirq=61514/61514 fqs=0 
[38286.912711] 	 (t=2723370 jiffies g=23848 c=23847 q=768)
[38286.913551] rcu_sched kthread starved for 2723370 jiffies! g23848 c23847 f0x0 RCU_GP_WAIT_FQS(3) ->state=0x200 ->cpu=0
[38286.914579] rcu_sched kthread starved for 2723370 jiffies! g23848 c23847 f0x0 RCU_GP_WAIT_FQS(3) ->state=0x200 ->cpu=0
[48551.596354] INFO: rcu_sched self-detected stall on CPU
[48551.596363] INFO: rcu_sched detected stalls on CPUs/tasks:
[48551.597899] 	0-...!: (1 GPs behind) idle=5a6/140000000000001/0 softirq=127751/127844 fqs=0 
[48551.603421] 	 (t=481915 jiffies g=42184 c=42183 q=110)
[48551.603438] 	0-...!: (1 GPs behind) idle=5a6/140000000000001/0 softirq=127751/127844 fqs=0 
[48551.604268] rcu_sched kthread starved for 481915 jiffies! g42184 c42183 f0x0 RCU_GP_WAIT_FQS(3) ->state=0x402 ->cpu=1
[48551.605470] 	(detected by 1, t=481915 jiffies, g=42184, c=42183, q=110)
[48551.609314] rcu_sched kthread starved for 481915 jiffies! g42184 c42183 f0x0 RCU_GP_WAIT_FQS(3) ->state=0x200 ->cpu=1
[49285.219742] watchdog: BUG: soft lockup - CPU#1 stuck for 683s! [(resolved):8445]
[49285.229910] INFO: rcu_sched detected stalls on CPUs/tasks:
[49285.232583] 	0-...!: (1 GPs behind) idle=5f6/140000000000001/0 softirq=128459/128460 fqs=0 
[49285.239278] 	1-...!: (1 ticks this GP) idle=a62/140000000000001/0 softirq=130823/130824 fqs=0 
[49285.242693] 	(detected by 0, t=0 jiffies, g=42237, c=42236, q=3454)
